# To force a version qualifier update add the bug here
Bug 403352 - Update all parent versions to match our build stream
Bug 480835 - Failures in build due to changes not being picked up by tests
Bug 566156 - 4.17 I-Build: I20200818-0600 - BUILD FAILED
4.20 I-Build: I20210518-0600 - BUILD FAILED
4.38 I-build:  org.eclipse.sdk.tests.feature.group 4.38.100.v20251113-1016 requires 'org.eclipse.equinox.p2.iu; org.eclipse.sdk.tests [4.38.0.v20251113-0510,4.38.0.v20251113-0510]'
